yarn run v1.22.22
$ '/Users/diegoamadruda/Desktop/VEX&CO/vexco-lab/node_modules/.bin/tsx' scripts/backfill-naics-sectors.ts
[BACKFILL] 17 projects to classify
  [OK] Agencia de Marketing B2B Digital → 54 (90%)
  [OK] Curso Online de Ventas Consultivas → 61 (90%)
  [OK] Plataforma SaaS de Propuestas Comerciales → 51 (90%)
  [OK] Consultoría de Transformación Digital → 54 (90%)
  [OK] PR automation → 54 (80%)
  [OK] CAPITAL EXPERIENCIA → UNKNOWN (30%)
  [OK] CANAL YOUTUBE → 51 (90%)
  [OK] BRANDTRACKING → 54 (90%)
  [OK] XTRA → 71 (85%)
  [OK] CIVIMOT → 51 (90%)
  [OK] Fractional CxO → 54 (90%)
  [OK] BANGE → UNKNOWN (30%)
  [OK] CONSULTING → 54 (90%)
  [OK] Sprinit by VEX&Co → 54 (90%)
  [OK] Comparador de precios supermercados → 51 (90%)
  [OK] SERVICEPHERE → 54 (90%)
  [OK] ANTARCTIC TALKS → 51 (90%)
[BACKFILL] 22 insights to classify
  [OK] En la venta de servicios consultivos B2B, el → 54 (90%)
  [OK] En modelos de agregación de datos donde el → TRANSVERSAL (90%)
  [OK] Pivot de "Agencia de Talento" a "Expert Network → 54 (90%)
  [OK] En modelos B2B/B2G, el acuerdo de distribución de → TRANSVERSAL (90%)
  [OK] Intentar salir al mercado B2B con un "inventario → 54 (90%)
  [OK] El modelo "Consultora Tradicional + Red de Expertos" → 54 (90%)
  [OK] Construir una plataforma web interactiva a medida para → TRANSVERSAL (80%)
  [OK] Al vender desarrollo web a proyectos de eventos/contenido → TRANSVERSAL (90%)
  [OK] Competir por precio en servicios B2B para "generar → TRANSVERSAL (90%)
  [OK] En plataformas editoriales de nicho (sostenibilidad/geopolít → 51 (90%)
  [OK] En proyectos de divulgación corporativa, la métrica que → TRANSVERSAL (80%)
  [OK] : *En la venta de servicios consultivos B2B, → 54 (90%)
  [OK] En proyectos de agencia para plataformas de contenido, → TRANSVERSAL (90%)
  [OK] En ventas B2B Enterprise (Banca/Finanzas), el modelo de → TRANSVERSAL (90%)
  [OK] En consultoría B2B para banca regional en expansión, → 54 (90%)
  [OK] En consultoría boutique B2B para corporativos financieros, a → 54 (90%)
  [OK] En consultoría boutique para banca institucional, vender "ti → 54 (90%)
  [OK] Prometer un mapeo de mercado amplio en 5 → TRANSVERSAL (90%)
  [OK] Pivotar de entregables tácticos (mapeos) a diagnósticos estr → TRANSVERSAL (80%)
  [OK] Cuando la falta de acceso a documentos del → TRANSVERSAL (90%)
  [OK] En expansión transfronteriza B2B hacia mercados maduros, el → TRANSVERSAL (90%)
  [OK] En ventas consultivas a corporaciones con alto capital → TRANSVERSAL (90%)
[BACKFILL] Done. Review pending items at /sectors/review
Done in 142.58s.
